nohup: ignoring input
2026-05-05 14:58:06,434 - __main__ - INFO - 🚀 البوت المصلح يعمل الآن!
2026-05-05 14:58:07,674 - httpx - INFO - HTTP Request: POST https://api.telegram.org/bot8525940230:AAHIw56CjWRKi3k7O91BBZeJmYs2QiRaNdc/getMe "HTTP/1.1 401 Unauthorized"
Traceback (most recent call last):
  File "/usr/local/lib/python3.11/dist-packages/telegram/_bot.py", line 735, in initialize
    await self.get_me()
  File "/usr/local/lib/python3.11/dist-packages/telegram/ext/_extbot.py", line 1697, in get_me
    return await super().get_me(
           ^^^^^^^^^^^^^^^^^^^^^
  File "/usr/local/lib/python3.11/dist-packages/telegram/_bot.py", line 525, in decorator
    result = await func(self, *args, **kwargs)  # skipcq: PYL-E1102
             ^^^^^^^^^^^^^^^^^^^^^^^^^^^^^^^^^
  File "/usr/local/lib/python3.11/dist-packages/telegram/_bot.py", line 775, in get_me
    result = await self._post(
             ^^^^^^^^^^^^^^^^^
  File "/usr/local/lib/python3.11/dist-packages/telegram/_bot.py", line 613, in _post
    return await self._do_post(
           ^^^^^^^^^^^^^^^^^^^^
  File "/usr/local/lib/python3.11/dist-packages/telegram/ext/_extbot.py", line 340, in _do_post
    return await super()._do_post(
           ^^^^^^^^^^^^^^^^^^^^^^^
  File "/usr/local/lib/python3.11/dist-packages/telegram/_bot.py", line 641, in _do_post
    return await request.post(
           ^^^^^^^^^^^^^^^^^^^
  File "/usr/local/lib/python3.11/dist-packages/telegram/request/_baserequest.py", line 200, in post
    result = await self._request_wrapper(
             ^^^^^^^^^^^^^^^^^^^^^^^^^^^^
  File "/usr/local/lib/python3.11/dist-packages/telegram/request/_baserequest.py", line 377, in _request_wrapper
    raise InvalidToken(message)
telegram.error.InvalidToken: Unauthorized

The above exception was the direct cause of the following exception:

Traceback (most recent call last):
  File "/home/ubuntu/video_downloader_bot/bot.py", line 188, in <module>
    main()
  File "/home/ubuntu/video_downloader_bot/bot.py", line 185, in main
    app.run_polling()
  File "/usr/local/lib/python3.11/dist-packages/telegram/ext/_application.py", line 818, in run_polling
    return self.__run(
           ^^^^^^^^^^^
  File "/usr/local/lib/python3.11/dist-packages/telegram/ext/_application.py", line 1006, in __run
    raise exc
  File "/usr/local/lib/python3.11/dist-packages/telegram/ext/_application.py", line 995, in __run
    loop.run_until_complete(self.initialize())
  File "/usr/lib/python3.11/asyncio/base_events.py", line 650, in run_until_complete
    return future.result()
           ^^^^^^^^^^^^^^^
  File "/usr/local/lib/python3.11/dist-packages/telegram/ext/_application.py", line 477, in initialize
    await self.bot.initialize()
  File "/usr/local/lib/python3.11/dist-packages/telegram/ext/_extbot.py", line 286, in initialize
    await super().initialize()
  File "/usr/local/lib/python3.11/dist-packages/telegram/_bot.py", line 737, in initialize
    raise InvalidToken(f"The token `{self._token}` was rejected by the server.") from exc
telegram.error.InvalidToken: The token `8525940230:AAHIw56CjWRKi3k7O91BBZeJmYs2QiRaNdc` was rejected by the server.
